<?xml version="1.0" encoding="UTF-8"?>
<testng-results skipped="0" failed="0" total="1" passed="1">
  <reporter-output>
    <line>
      <![CDATA[]]>
    </line>
    <line>
      <![CDATA[>>>>> Executing TricentisTest <<<<<]]>
    </line>
    <line>
      <![CDATA[]]>
    </line>
    <line>
      <![CDATA[Running test in Google]]>
    </line>
    <line>
      <![CDATA[Opened http://sampleapp.tricentis.com/101/#]]>
    </line>
    <line>
      <![CDATA[Element is present in the page.]]>
    </line>
    <line>
      <![CDATA[Element is present in the page.]]>
    </line>
    <line>
      <![CDATA[Element is present in the page.]]>
    </line>
    <line>
      <![CDATA[Element is present in the page.]]>
    </line>
    <line>
      <![CDATA[Step no: 1]]>
    </line>
    <line>
      <![CDATA[Hyperlink clicked]]>
    </line>
    <line>
      <![CDATA[Step no: 2]]>
    </line>
    <line>
      <![CDATA[Element is present in the page.]]>
    </line>
    <line>
      <![CDATA[Element is present in the page.]]>
    </line>
    <line>
      <![CDATA[Element is present in the page.]]>
    </line>
    <line>
      <![CDATA[Element is present in the page.]]>
    </line>
    <line>
      <![CDATA[Element is present in the page.]]>
    </line>
    <line>
      <![CDATA[Element is present in the page.]]>
    </line>
    <line>
      <![CDATA[Step no: 3]]>
    </line>
    <line>
      <![CDATA[]]>
    </line>
    <line>
      <![CDATA[>>>>> Terminating TricentisTest <<<<<]]>
    </line>
    <line>
      <![CDATA[]]>
    </line>
  </reporter-output>
  <suite name="Default suite" duration-ms="18131" started-at="2020-07-06T17:42:55Z" finished-at="2020-07-06T17:43:14Z">
    <groups>
    </groups>
    <test name="Default test" duration-ms="18131" started-at="2020-07-06T17:42:55Z" finished-at="2020-07-06T17:43:14Z">
      <class name="acn.test.TricentisTest">
        <test-method status="PASS" signature="TricentisVal()[pri:0, instance:acn.test.TricentisTest@5594a1b5]" name="TricentisVal" duration-ms="18119" started-at="2020-07-07T01:42:55Z" finished-at="2020-07-07T01:43:14Z">
          <reporter-output>
            <line>
              <![CDATA[]]>
            </line>
            <line>
              <![CDATA[>>>>> Executing TricentisTest <<<<<]]>
            </line>
            <line>
              <![CDATA[]]>
            </line>
            <line>
              <![CDATA[Running test in Google]]>
            </line>
            <line>
              <![CDATA[Opened http://sampleapp.tricentis.com/101/#]]>
            </line>
            <line>
              <![CDATA[Element is present in the page.]]>
            </line>
            <line>
              <![CDATA[Element is present in the page.]]>
            </line>
            <line>
              <![CDATA[Element is present in the page.]]>
            </line>
            <line>
              <![CDATA[Element is present in the page.]]>
            </line>
            <line>
              <![CDATA[Step no: 1]]>
            </line>
            <line>
              <![CDATA[Hyperlink clicked]]>
            </line>
            <line>
              <![CDATA[Step no: 2]]>
            </line>
            <line>
              <![CDATA[Element is present in the page.]]>
            </line>
            <line>
              <![CDATA[Element is present in the page.]]>
            </line>
            <line>
              <![CDATA[Element is present in the page.]]>
            </line>
            <line>
              <![CDATA[Element is present in the page.]]>
            </line>
            <line>
              <![CDATA[Element is present in the page.]]>
            </line>
            <line>
              <![CDATA[Element is present in the page.]]>
            </line>
            <line>
              <![CDATA[Step no: 3]]>
            </line>
          </reporter-output>
        </test-method> <!-- TricentisVal -->
        <test-method status="PASS" signature="endTest()[pri:0, instance:acn.test.TricentisTest@5594a1b5]" name="endTest" is-config="true" duration-ms="1" started-at="2020-07-07T01:43:14Z" finished-at="2020-07-07T01:43:14Z">
          <reporter-output>
            <line>
              <![CDATA[]]>
            </line>
            <line>
              <![CDATA[>>>>> Terminating TricentisTest <<<<<]]>
            </line>
            <line>
              <![CDATA[]]>
            </line>
          </reporter-output>
        </test-method> <!-- endTest -->
      </class> <!-- acn.test.TricentisTest -->
    </test> <!-- Default test -->
  </suite> <!-- Default suite -->
</testng-results>
